# JRE version: OpenJDK Runtime Environment (8.0_152-b02) (build 1.8.0_152-release-1024-b02)
# Java VM: OpenJDK 64-Bit Server VM (25.152-b02 mixed mode windows-amd64 compressed oops)
Heap:
 PSYoungGen      total 317952K, used 266239K [0x00000000e0000000, 0x00000000f8d00000, 0x0000000100000000)
  eden space 285696K, 89% used [0x00000000e0000000,0x00000000ef952808,0x00000000f1700000)
  from space 32256K, 33% used [0x00000000f1700000,0x00000000f21ad5c0,0x00000000f3680000)
  to   space 30720K, 0% used [0x00000000f6f00000,0x00000000f6f00000,0x00000000f8d00000)
 ParOldGen       total 138752K, used 78951K [0x00000000a0000000, 0x00000000a8780000, 0x00000000e0000000)
  object space 138752K, 56% used [0x00000000a0000000,0x00000000a4d19f80,0x00000000a8780000)
 Metaspace       used 90218K, capacity 94040K, committed 94248K, reserved 1130496K
  class space    used 11620K, capacity 12529K, committed 12592K, reserved 1048576K
GC Heap History (10 events):
Event: 18.181 GC heap before
{Heap before GC invocations=12 (full 2):
 PSYoungGen      total 194048K, used 89210K [0x00000000e0000000, 0x00000000f0c00000, 0x0000000100000000)
  eden space 177664K, 40% used [0x00000000e0000000,0x00000000e471eff8,0x00000000ead80000)
  from space 16384K, 99% used [0x00000000ead80000,0x00000000ebd7fbd8,0x00000000ebd80000)
  to   space 22016K, 0% used [0x00000000ef680000,0x00000000ef680000,0x00000000f0c00000)
 ParOldGen       total 90112K, used 31785K [0x00000000a0000000, 0x00000000a5800000, 0x00000000e0000000)
  object space 90112K, 35% used [0x00000000a0000000,0x00000000a1f0a608,0x00000000a5800000)
 Metaspace       used 57253K, capacity 59048K, committed 59160K, reserved 1099776K
  class space    used 7816K, capacity 8287K, committed 8368K, reserved 1048576K
Event: 18.281 GC heap after
Heap after GC invocations=12 (full 2):
 PSYoungGen      total 250880K, used 17704K [0x00000000e0000000, 0x00000000f2780000, 0x0000000100000000)
  eden space 228864K, 0% used [0x00000000e0000000,0x00000000e0000000,0x00000000edf80000)
  from space 22016K, 80% used [0x00000000ef680000,0x00000000f07ca228,0x00000000f0c00000)
  to   space 23552K, 0% used [0x00000000edf80000,0x00000000edf80000,0x00000000ef680000)
 ParOldGen       total 90112K, used 39619K [0x00000000a0000000, 0x00000000a5800000, 0x00000000e0000000)
  object space 90112K, 43% used [0x00000000a0000000,0x00000000a26b0f90,0x00000000a5800000)
 Metaspace       used 57253K, capacity 59048K, committed 59160K, reserved 1099776K
  class space    used 7816K, capacity 8287K, committed 8368K, reserved 1048576K
}
Event: 18.281 GC heap before
{Heap before GC invocations=13 (full 3):
 PSYoungGen      total 250880K, used 17704K [0x00000000e0000000, 0x00000000f2780000, 0x0000000100000000)
  eden space 228864K, 0% used [0x00000000e0000000,0x00000000e0000000,0x00000000edf80000)
  from space 22016K, 80% used [0x00000000ef680000,0x00000000f07ca228,0x00000000f0c00000)
  to   space 23552K, 0% used [0x00000000edf80000,0x00000000edf80000,0x00000000ef680000)
 ParOldGen       total 90112K, used 39619K [0x00000000a0000000, 0x00000000a5800000, 0x00000000e0000000)
  object space 90112K, 43% used [0x00000000a0000000,0x00000000a26b0f90,0x00000000a5800000)
 Metaspace       used 57253K, capacity 59048K, committed 59160K, reserved 1099776K
  class space    used 7816K, capacity 8287K, committed 8368K, reserved 1048576K
Event: 19.146 GC heap after
Heap after GC invocations=13 (full 3):
 PSYoungGen      total 250880K, used 0K [0x00000000e0000000, 0x00000000f2780000, 0x0000000100000000)
  eden space 228864K, 0% used [0x00000000e0000000,0x00000000e0000000,0x00000000edf80000)
  from space 22016K, 0% used [0x00000000ef680000,0x00000000ef680000,0x00000000f0c00000)
  to   space 23552K, 0% used [0x00000000edf80000,0x00000000edf80000,0x00000000ef680000)
 ParOldGen       total 138752K, used 49040K [0x00000000a0000000, 0x00000000a8780000, 0x00000000e0000000)
  object space 138752K, 35% used [0x00000000a0000000,0x00000000a2fe41d0,0x00000000a8780000)
 Metaspace       used 57253K, capacity 59048K, committed 59160K, reserved 1099776K
  class space    used 7816K, capacity 8287K, committed 8368K, reserved 1048576K
}
Event: 28.347 GC heap before
{Heap before GC invocations=14 (full 3):
 PSYoungGen      total 250880K, used 228864K [0x00000000e0000000, 0x00000000f2780000, 0x0000000100000000)
  eden space 228864K, 100% used [0x00000000e0000000,0x00000000edf80000,0x00000000edf80000)
  from space 22016K, 0% used [0x00000000ef680000,0x00000000ef680000,0x00000000f0c00000)
  to   space 23552K, 0% used [0x00000000edf80000,0x00000000edf80000,0x00000000ef680000)
 ParOldGen       total 138752K, used 49040K [0x00000000a0000000, 0x00000000a8780000, 0x00000000e0000000)
  object space 138752K, 35% used [0x00000000a0000000,0x00000000a2fe41d0,0x00000000a8780000)
 Metaspace       used 68479K, capacity 71004K, committed 71208K, reserved 1110016K
  class space    used 9028K, capacity 9715K, committed 9776K, reserved 1048576K
Event: 28.373 GC heap after
Heap after GC invocations=14 (full 3):
 PSYoungGen      total 252416K, used 18678K [0x00000000e0000000, 0x00000000f4f00000, 0x0000000100000000)
  eden space 228864K, 0% used [0x00000000e0000000,0x00000000e0000000,0x00000000edf80000)
  from space 23552K, 79% used [0x00000000edf80000,0x00000000ef1bd858,0x00000000ef680000)
  to   space 25088K, 0% used [0x00000000f3680000,0x00000000f3680000,0x00000000f4f00000)
 ParOldGen       total 138752K, used 49048K [0x00000000a0000000, 0x00000000a8780000, 0x00000000e0000000)
  object space 138752K, 35% used [0x00000000a0000000,0x00000000a2fe61d0,0x00000000a8780000)
 Metaspace       used 68479K, capacity 71004K, committed 71208K, reserved 1110016K
  class space    used 9028K, capacity 9715K, committed 9776K, reserved 1048576K
}
Event: 33.184 GC heap before
{Heap before GC invocations=15 (full 3):
 PSYoungGen      total 252416K, used 247542K [0x00000000e0000000, 0x00000000f4f00000, 0x0000000100000000)
  eden space 228864K, 100% used [0x00000000e0000000,0x00000000edf80000,0x00000000edf80000)
  from space 23552K, 79% used [0x00000000edf80000,0x00000000ef1bd858,0x00000000ef680000)
  to   space 25088K, 0% used [0x00000000f3680000,0x00000000f3680000,0x00000000f4f00000)
 ParOldGen       total 138752K, used 49048K [0x00000000a0000000, 0x00000000a8780000, 0x00000000e0000000)
  object space 138752K, 35% used [0x00000000a0000000,0x00000000a2fe61d0,0x00000000a8780000)
 Metaspace       used 79110K, capacity 82332K, committed 82728K, reserved 1120256K
  class space    used 10444K, capacity 11215K, committed 11312K, reserved 1048576K
Event: 33.223 GC heap after
Heap after GC invocations=15 (full 3):
 PSYoungGen      total 310784K, used 25058K [0x00000000e0000000, 0x00000000f5600000, 0x0000000100000000)
  eden space 285696K, 0% used [0x00000000e0000000,0x00000000e0000000,0x00000000f1700000)
  from space 25088K, 99% used [0x00000000f3680000,0x00000000f4ef8a10,0x00000000f4f00000)
  to   space 32256K, 0% used [0x00000000f1700000,0x00000000f1700000,0x00000000f3680000)
 ParOldGen       total 138752K, used 58372K [0x00000000a0000000, 0x00000000a8780000, 0x00000000e0000000)
  object space 138752K, 42% used [0x00000000a0000000,0x00000000a39012f8,0x00000000a8780000)
 Metaspace       used 79110K, capacity 82332K, committed 82728K, reserved 1120256K
  class space    used 10444K, capacity 11215K, committed 11312K, reserved 1048576K
}
Event: 263.309 GC heap before
{Heap before GC invocations=16 (full 3):
 PSYoungGen      total 310784K, used 310754K [0x00000000e0000000, 0x00000000f5600000, 0x0000000100000000)
  eden space 285696K, 100% used [0x00000000e0000000,0x00000000f1700000,0x00000000f1700000)
  from space 25088K, 99% used [0x00000000f3680000,0x00000000f4ef8a10,0x00000000f4f00000)
  to   space 32256K, 0% used [0x00000000f1700000,0x00000000f1700000,0x00000000f3680000)
 ParOldGen       total 138752K, used 58372K [0x00000000a0000000, 0x00000000a8780000, 0x00000000e0000000)
  object space 138752K, 42% used [0x00000000a0000000,0x00000000a39012f8,0x00000000a8780000)
 Metaspace       used 84190K, capacity 87916K, committed 88104K, reserved 1126400K
  class space    used 10933K, capacity 11789K, committed 11824K, reserved 1048576K
Event: 263.381 GC heap after
Heap after GC invocations=16 (full 3):
 PSYoungGen      total 317952K, used 10933K [0x00000000e0000000, 0x00000000f8d00000, 0x0000000100000000)
  eden space 285696K, 0% used [0x00000000e0000000,0x00000000e0000000,0x00000000f1700000)
  from space 32256K, 33% used [0x00000000f1700000,0x00000000f21ad5c0,0x00000000f3680000)
  to   space 30720K, 0% used [0x00000000f6f00000,0x00000000f6f00000,0x00000000f8d00000)
 ParOldGen       total 138752K, used 78951K [0x00000000a0000000, 0x00000000a8780000, 0x00000000e0000000)
  object space 138752K, 56% used [0x00000000a0000000,0x00000000a4d19f80,0x00000000a8780000)
 Metaspace       used 84190K, capacity 87916K, committed 88104K, reserved 1126400K
  class space    used 10933K, capacity 11789K, committed 11824K, reserved 1048576K
}

